<?xml version="1.0" encoding="UTF-8"?>
<!-- Generated by org.testng.reporters.JUnitXMLReporter -->
<testsuite ignored="0" hostname="DESKTOP-58HQAGD" failures="0" tests="9" name="Surefire test" time="25.576" errors="0" timestamp="2024-03-29T23:28:51 IST">
  <testcase classname="api.test.DDTests" name="testDeleteUserByname" time="6.343"/>
  <testcase classname="api.test.DDTests" name="testDeleteUserByname" time="1.212"/>
  <testcase classname="api.test.DDTests" name="testDeleteUserByname" time="1.19"/>
  <testcase classname="api.test.DDTests" name="testPostuser" time="1.791"/>
  <testcase classname="api.test.DDTests" name="testPostuser" time="1.218"/>
  <testcase classname="api.test.DDTests" name="testPostuser" time="1.342"/>
  <testcase classname="api.test.UserTest" name="testPostUser" time="1.465"/>
  <testcase classname="api.test.UserTest" name="testGetUserByname" time="1.211"/>
  <testcase classname="api.test.UserTest" name="testDeleteUser" time="1.219"/>
</testsuite> <!-- Surefire test -->
