<?xml version="1.0" encoding="UTF-8"?>
<!-- Generated by org.testng.reporters.JUnitXMLReporter -->
<testsuite ignored="0" hostname="DESKTOP-58HQAGD" failures="0" tests="6" name="Default test" time="11.712" errors="0" timestamp="2024-03-29T16:07:43 IST">
  <testcase classname="api.test.DDTests" name="testDeleteUserByname" time="3.317"/>
  <testcase classname="api.test.DDTests" name="testDeleteUserByname" time="1.181"/>
  <testcase classname="api.test.DDTests" name="testDeleteUserByname" time="1.187"/>
  <testcase classname="api.test.DDTests" name="testPostuser" time="1.499"/>
  <testcase classname="api.test.DDTests" name="testPostuser" time="1.209"/>
  <testcase classname="api.test.DDTests" name="testPostuser" time="1.184"/>
</testsuite> <!-- Default test -->
