<?xml version="1.0" encoding="UTF-8"?>
<testng-results ignored="0" total="9" passed="9" failed="0" skipped="0">
  <reporter-output>
  </reporter-output>
  <suite started-at="2024-03-29T23:28:26 IST" name="Surefire suite" finished-at="2024-03-29T23:28:51 IST" duration-ms="25576">
    <groups>
    </groups>
    <test started-at="2024-03-29T23:28:26 IST" name="Surefire test" finished-at="2024-03-29T23:28:51 IST" duration-ms="25576">
      <class name="api.test.UserTest">
        <test-method is-config="true" signature="stupData()[pri:0, instance:api.test.UserTest@2a54a73f]" started-at="2024-03-29T23:28:46 IST" name="stupData" finished-at="2024-03-29T23:28:47 IST" duration-ms="973" status="PASS">
          <reporter-output>
          </reporter-output>
        </test-method> <!-- stupData -->
        <test-method signature="testPostUser()[pri:1, instance:api.test.UserTest@2a54a73f]" started-at="2024-03-29T23:28:47 IST" name="testPostUser" finished-at="2024-03-29T23:28:49 IST" duration-ms="1465" status="PASS">
          <reporter-output>
          </reporter-output>
        </test-method> <!-- testPostUser -->
        <test-method signature="testGetUserByname()[pri:2, instance:api.test.UserTest@2a54a73f]" started-at="2024-03-29T23:28:49 IST" name="testGetUserByname" finished-at="2024-03-29T23:28:50 IST" duration-ms="1211" status="PASS">
          <reporter-output>
          </reporter-output>
        </test-method> <!-- testGetUserByname -->
        <test-method signature="testDeleteUser()[pri:3, instance:api.test.UserTest@2a54a73f]" started-at="2024-03-29T23:28:50 IST" name="testDeleteUser" finished-at="2024-03-29T23:28:51 IST" duration-ms="1219" status="PASS">
          <reporter-output>
          </reporter-output>
        </test-method> <!-- testDeleteUser -->
      </class> <!-- api.test.UserTest -->
      <class name="api.test.DDTests">
        <test-method signature="testDeleteUserByname(java.lang.String)[pri:1, instance:api.test.DDTests@e7edb54]" started-at="2024-03-29T23:28:32 IST" name="testDeleteUserByname" data-provider="UserNames" finished-at="2024-03-29T23:28:38 IST" duration-ms="6343" status="PASS">
          <params>
            <param index="0">
              <value>
                <![CDATA[testuser1]]>
              </value>
            </param>
          </params>
          <reporter-output>
          </reporter-output>
        </test-method> <!-- testDeleteUserByname -->
        <test-method signature="testDeleteUserByname(java.lang.String)[pri:1, instance:api.test.DDTests@e7edb54]" started-at="2024-03-29T23:28:38 IST" name="testDeleteUserByname" data-provider="UserNames" finished-at="2024-03-29T23:28:39 IST" duration-ms="1212" status="PASS">
          <params>
            <param index="0">
              <value>
                <![CDATA[testuser2]]>
              </value>
            </param>
          </params>
          <reporter-output>
          </reporter-output>
        </test-method> <!-- testDeleteUserByname -->
        <test-method signature="testDeleteUserByname(java.lang.String)[pri:1, instance:api.test.DDTests@e7edb54]" started-at="2024-03-29T23:28:39 IST" name="testDeleteUserByname" data-provider="UserNames" finished-at="2024-03-29T23:28:40 IST" duration-ms="1190" status="PASS">
          <params>
            <param index="0">
              <value>
                <![CDATA[testuser3]]>
              </value>
            </param>
          </params>
          <reporter-output>
          </reporter-output>
        </test-method> <!-- testDeleteUserByname -->
        <test-method signature="testPostuser(java.lang.String,java.lang.String,java.lang.String,java.lang.String,java.lang.String,java.lang.String,java.lang.String)[pri:1, instance:api.test.DDTests@e7edb54]" started-at="2024-03-29T23:28:42 IST" name="testPostuser" data-provider="Data" finished-at="2024-03-29T23:28:44 IST" duration-ms="1791" status="PASS">
          <params>
            <param index="0">
              <value>
                <![CDATA[1010]]>
              </value>
            </param>
            <param index="1">
              <value>
                <![CDATA[testuser1]]>
              </value>
            </param>
            <param index="2">
              <value>
                <![CDATA[John]]>
              </value>
            </param>
            <param index="3">
              <value>
                <![CDATA[Canedy]]>
              </value>
            </param>
            <param index="4">
              <value>
                <![CDATA[a@gmail.com]]>
              </value>
            </param>
            <param index="5">
              <value>
                <![CDATA[test@1]]>
              </value>
            </param>
            <param index="6">
              <value>
                <![CDATA[12345687347]]>
              </value>
            </param>
          </params>
          <reporter-output>
          </reporter-output>
        </test-method> <!-- testPostuser -->
        <test-method signature="testPostuser(java.lang.String,java.lang.String,java.lang.String,java.lang.String,java.lang.String,java.lang.String,java.lang.String)[pri:1, instance:api.test.DDTests@e7edb54]" started-at="2024-03-29T23:28:44 IST" name="testPostuser" data-provider="Data" finished-at="2024-03-29T23:28:45 IST" duration-ms="1218" status="PASS">
          <params>
            <param index="0">
              <value>
                <![CDATA[1020]]>
              </value>
            </param>
            <param index="1">
              <value>
                <![CDATA[testuser2]]>
              </value>
            </param>
            <param index="2">
              <value>
                <![CDATA[Kim]]>
              </value>
            </param>
            <param index="3">
              <value>
                <![CDATA[Kom]]>
              </value>
            </param>
            <param index="4">
              <value>
                <![CDATA[b@gmail.com]]>
              </value>
            </param>
            <param index="5">
              <value>
                <![CDATA[test@2]]>
              </value>
            </param>
            <param index="6">
              <value>
                <![CDATA[12345687347]]>
              </value>
            </param>
          </params>
          <reporter-output>
          </reporter-output>
        </test-method> <!-- testPostuser -->
        <test-method signature="testPostuser(java.lang.String,java.lang.String,java.lang.String,java.lang.String,java.lang.String,java.lang.String,java.lang.String)[pri:1, instance:api.test.DDTests@e7edb54]" started-at="2024-03-29T23:28:45 IST" name="testPostuser" data-provider="Data" finished-at="2024-03-29T23:28:46 IST" duration-ms="1342" status="PASS">
          <params>
            <param index="0">
              <value>
                <![CDATA[1030]]>
              </value>
            </param>
            <param index="1">
              <value>
                <![CDATA[testuser3]]>
              </value>
            </param>
            <param index="2">
              <value>
                <![CDATA[Smith]]>
              </value>
            </param>
            <param index="3">
              <value>
                <![CDATA[Steve]]>
              </value>
            </param>
            <param index="4">
              <value>
                <![CDATA[c@gmail.com]]>
              </value>
            </param>
            <param index="5">
              <value>
                <![CDATA[test@3]]>
              </value>
            </param>
            <param index="6">
              <value>
                <![CDATA[12345687347]]>
              </value>
            </param>
          </params>
          <reporter-output>
          </reporter-output>
        </test-method> <!-- testPostuser -->
      </class> <!-- api.test.DDTests -->
    </test> <!-- Surefire test -->
  </suite> <!-- Surefire suite -->
</testng-results>
