<?xml version="1.0" encoding="UTF-8"?>
<testng-results ignored="0" total="6" passed="6" failed="0" skipped="0">
  <reporter-output>
  </reporter-output>
  <suite started-at="2024-03-29T22:37:16 IST" name="PetSuite" finished-at="2024-03-29T22:37:29 IST" duration-ms="12010">
    <groups>
    </groups>
    <test started-at="2024-03-29T22:37:16 IST" name="PetTest" finished-at="2024-03-29T22:37:29 IST" duration-ms="12010">
      <class name="api.test.DDTests">
        <test-method signature="testDeleteUserByname(java.lang.String)[pri:1, instance:api.test.DDTests@7db12bb6]" started-at="2024-03-29T22:37:18 IST" name="testDeleteUserByname" data-provider="UserNames" finished-at="2024-03-29T22:37:21 IST" duration-ms="2942" status="PASS">
          <params>
            <param index="0">
              <value>
                <![CDATA[testuser1]]>
              </value>
            </param>
          </params>
          <reporter-output>
          </reporter-output>
        </test-method> <!-- testDeleteUserByname -->
        <test-method signature="testDeleteUserByname(java.lang.String)[pri:1, instance:api.test.DDTests@7db12bb6]" started-at="2024-03-29T22:37:21 IST" name="testDeleteUserByname" data-provider="UserNames" finished-at="2024-03-29T22:37:23 IST" duration-ms="1163" status="PASS">
          <params>
            <param index="0">
              <value>
                <![CDATA[testuser2]]>
              </value>
            </param>
          </params>
          <reporter-output>
          </reporter-output>
        </test-method> <!-- testDeleteUserByname -->
        <test-method signature="testDeleteUserByname(java.lang.String)[pri:1, instance:api.test.DDTests@7db12bb6]" started-at="2024-03-29T22:37:23 IST" name="testDeleteUserByname" data-provider="UserNames" finished-at="2024-03-29T22:37:24 IST" duration-ms="1173" status="PASS">
          <params>
            <param index="0">
              <value>
                <![CDATA[testuser3]]>
              </value>
            </param>
          </params>
          <reporter-output>
          </reporter-output>
        </test-method> <!-- testDeleteUserByname -->
        <test-method signature="testPostuser(java.lang.String,java.lang.String,java.lang.String,java.lang.String,java.lang.String,java.lang.String,java.lang.String)[pri:1, instance:api.test.DDTests@7db12bb6]" started-at="2024-03-29T22:37:25 IST" name="testPostuser" data-provider="Data" finished-at="2024-03-29T22:37:26 IST" duration-ms="1471" status="PASS">
          <params>
            <param index="0">
              <value>
                <![CDATA[1010]]>
              </value>
            </param>
            <param index="1">
              <value>
                <![CDATA[testuser1]]>
              </value>
            </param>
            <param index="2">
              <value>
                <![CDATA[John]]>
              </value>
            </param>
            <param index="3">
              <value>
                <![CDATA[Canedy]]>
              </value>
            </param>
            <param index="4">
              <value>
                <![CDATA[a@gmail.com]]>
              </value>
            </param>
            <param index="5">
              <value>
                <![CDATA[test@1]]>
              </value>
            </param>
            <param index="6">
              <value>
                <![CDATA[12345687347]]>
              </value>
            </param>
          </params>
          <reporter-output>
          </reporter-output>
        </test-method> <!-- testPostuser -->
        <test-method signature="testPostuser(java.lang.String,java.lang.String,java.lang.String,java.lang.String,java.lang.String,java.lang.String,java.lang.String)[pri:1, instance:api.test.DDTests@7db12bb6]" started-at="2024-03-29T22:37:26 IST" name="testPostuser" data-provider="Data" finished-at="2024-03-29T22:37:27 IST" duration-ms="1174" status="PASS">
          <params>
            <param index="0">
              <value>
                <![CDATA[1020]]>
              </value>
            </param>
            <param index="1">
              <value>
                <![CDATA[testuser2]]>
              </value>
            </param>
            <param index="2">
              <value>
                <![CDATA[Kim]]>
              </value>
            </param>
            <param index="3">
              <value>
                <![CDATA[Kom]]>
              </value>
            </param>
            <param index="4">
              <value>
                <![CDATA[b@gmail.com]]>
              </value>
            </param>
            <param index="5">
              <value>
                <![CDATA[test@2]]>
              </value>
            </param>
            <param index="6">
              <value>
                <![CDATA[12345687347]]>
              </value>
            </param>
          </params>
          <reporter-output>
          </reporter-output>
        </test-method> <!-- testPostuser -->
        <test-method signature="testPostuser(java.lang.String,java.lang.String,java.lang.String,java.lang.String,java.lang.String,java.lang.String,java.lang.String)[pri:1, instance:api.test.DDTests@7db12bb6]" started-at="2024-03-29T22:37:27 IST" name="testPostuser" data-provider="Data" finished-at="2024-03-29T22:37:28 IST" duration-ms="1193" status="PASS">
          <params>
            <param index="0">
              <value>
                <![CDATA[1030]]>
              </value>
            </param>
            <param index="1">
              <value>
                <![CDATA[testuser3]]>
              </value>
            </param>
            <param index="2">
              <value>
                <![CDATA[Smith]]>
              </value>
            </param>
            <param index="3">
              <value>
                <![CDATA[Steve]]>
              </value>
            </param>
            <param index="4">
              <value>
                <![CDATA[c@gmail.com]]>
              </value>
            </param>
            <param index="5">
              <value>
                <![CDATA[test@3]]>
              </value>
            </param>
            <param index="6">
              <value>
                <![CDATA[12345687347]]>
              </value>
            </param>
          </params>
          <reporter-output>
          </reporter-output>
        </test-method> <!-- testPostuser -->
      </class> <!-- api.test.DDTests -->
    </test> <!-- PetTest -->
  </suite> <!-- PetSuite -->
</testng-results>
