<?xml version="1.0" encoding="UTF-8"?>
<!-- Generated by org.testng.reporters.JUnitXMLReporter -->
<testsuite ignored="0" hostname="DESKTOP-58HQAGD" failures="0" tests="6" name="PetTest" time="12.01" errors="0" timestamp="2024-03-29T22:37:29 IST">
  <testcase classname="api.test.DDTests" name="testDeleteUserByname" time="2.942"/>
  <testcase classname="api.test.DDTests" name="testDeleteUserByname" time="1.163"/>
  <testcase classname="api.test.DDTests" name="testDeleteUserByname" time="1.173"/>
  <testcase classname="api.test.DDTests" name="testPostuser" time="1.471"/>
  <testcase classname="api.test.DDTests" name="testPostuser" time="1.174"/>
  <testcase classname="api.test.DDTests" name="testPostuser" time="1.193"/>
</testsuite> <!-- PetTest -->
